<?xml version="1.0" encoding="UTF-8"?>
<!-- Generated by org.testng.reporters.JUnitReportReporter -->
<testsuite hostname="DESKTOP-KQRAAFP" failures="0" tests="1" name="constant.AppUtill" time="7.001" errors="0" timestamp="8 Aug 2022 15:51:13 GMT">
  <testcase classname="constant.AppUtill" name="setUp" time="7.001"/>
</testsuite> <!-- constant.AppUtill -->
