<?xml version="1.0" encoding="UTF-8"?>
<!-- Generated by org.testng.reporters.JUnitReportReporter -->
<testsuite hostname="DESKTOP-KQRAAFP" failures="0" tests="1" name="driversScript.ExecutableScript" time="56.301" errors="0" timestamp="15 Aug 2022 09:25:48 GMT" skipped="0">
  <testcase classname="driversScript.ExecutableScript" name="startTest" time="56.301"/>
</testsuite> <!-- driversScript.ExecutableScript -->
