<?xml version="1.0" encoding="UTF-8"?>
<!-- Generated by org.testng.reporters.JUnitReportReporter -->
<testsuite hostname="DESKTOP-KQRAAFP" failures="0" tests="3" name="driversScript.Apps" time="48.863" errors="0" timestamp="8 Aug 2022 15:29:50 GMT">
  <testcase classname="driversScript.Apps" name="pBanking" time="17.649"/>
  <testcase classname="driversScript.Apps" name="cBanking" time="15.635"/>
  <testcase classname="driversScript.Apps" name="tBanking" time="15.579"/>
</testsuite> <!-- driversScript.Apps -->
